External	Netty	/home/chenzhi/Data/projects/jar/zookeeper-3.4.13/lib/netty-3.10.6.Final.jar	< Application, Lorg/jboss/netty/channel/socket/oio/OioServerSocketChannel, <clinit>()V >	naming by class literal	<Application,Lorg/jboss/netty/channel/socket/oio/OioServerSocketChannel>
Internal	Slf4j	/home/chenzhi/Data/projects/jar/zookeeper-3.4.13/zookeeper-3.4.13.jar	< Application, Lorg/apache/zookeeper/server/ReferenceCountedACLCache, <clinit>()V >	naming by class literal	<Application,Lorg/apache/zookeeper/server/ReferenceCountedACLCache>
External	Netty	/home/chenzhi/Data/projects/jar/zookeeper-3.4.13/lib/netty-3.10.6.Final.jar	< Application, Lorg/jboss/netty/handler/codec/http/websocketx/WebSocketServerHandshaker08, <clinit>()V >	naming by class literal	<Application,Lorg/jboss/netty/handler/codec/http/websocketx/WebSocketServerHandshaker08>
Internal	Slf4j	/home/chenzhi/Data/projects/jar/zookeeper-3.4.13/zookeeper-3.4.13.jar	< Application, Lorg/apache/zookeeper/client/StaticHostProvider, <clinit>()V >	naming by class literal	<Application,Lorg/apache/zookeeper/client/StaticHostProvider>
Internal	Slf4j	/home/chenzhi/Data/projects/jar/zookeeper-3.4.13/zookeeper-3.4.13.jar	< Application, Lorg/apache/zookeeper/server/quorum/ObserverZooKeeperServer, <clinit>()V >	naming by class literal	<Application,Lorg/apache/zookeeper/server/quorum/ObserverZooKeeperServer>
External	Netty	/home/chenzhi/Data/projects/jar/zookeeper-3.4.13/lib/netty-3.10.6.Final.jar	< Application, Lorg/jboss/netty/channel/socket/oio/OioServerSocketPipelineSink, <clinit>()V >	naming by class literal	<Application,Lorg/jboss/netty/channel/socket/oio/OioServerSocketPipelineSink>
External	Netty	/home/chenzhi/Data/projects/jar/zookeeper-3.4.13/lib/netty-3.10.6.Final.jar	< Application, Lorg/jboss/netty/channel/socket/nio/DefaultNioSocketChannelConfig, <clinit>()V >	naming by class literal	<Application,Lorg/jboss/netty/channel/socket/nio/DefaultNioSocketChannelConfig>
External	Unknown	/home/chenzhi/Data/projects/jar/zookeeper-3.4.13/lib/log4j-1.2.17.jar	< Application, Lorg/apache/log4j/PropertyConfigurator, parseCatsAndRenderers(Ljava/util/Properties;Lorg/apache/log4j/spi/LoggerRepository;)V >	Unknown	Unknown
External	Unknown	/home/chenzhi/Data/projects/jar/zookeeper-3.4.13/lib/log4j-1.2.17.jar	< Application, Lorg/apache/log4j/PropertyConfigurator, parseErrorHandler(Lorg/apache/log4j/spi/ErrorHandler;Ljava/lang/String;Ljava/util/Properties;Lorg/apache/log4j/spi/LoggerRepository;)V >	Unknown	Unknown
External	Unknown	/home/chenzhi/Data/projects/jar/zookeeper-3.4.13/lib/log4j-1.2.17.jar	< Application, Lorg/apache/log4j/PropertyConfigurator, parseErrorHandler(Lorg/apache/log4j/spi/ErrorHandler;Ljava/lang/String;Ljava/util/Properties;Lorg/apache/log4j/spi/LoggerRepository;)V >	Unknown	Unknown
Internal	Slf4j	/home/chenzhi/Data/projects/jar/zookeeper-3.4.13/zookeeper-3.4.13.jar	< Application, Lorg/apache/zookeeper/ZKUtil, <clinit>()V >	naming by class literal	<Application,Lorg/apache/zookeeper/ZKUtil>
External	Log4j	/home/chenzhi/Data/projects/jar/zookeeper-3.4.13/lib/log4j-1.2.17.jar	< Application, Lorg/apache/log4j/chainsaw/Main, <clinit>()V >	Unknown	Unknown
Internal	Slf4j	/home/chenzhi/Data/projects/jar/zookeeper-3.4.13/zookeeper-3.4.13.jar	< Application, Lorg/apache/zookeeper/server/quorum/LeaderElection, <clinit>()V >	naming by class literal	<Application,Lorg/apache/zookeeper/server/quorum/LeaderElection>
Internal	Slf4j	/home/chenzhi/Data/projects/jar/zookeeper-3.4.13/zookeeper-3.4.13.jar	< Application, Lorg/apache/zookeeper/ClientCnxn, <clinit>()V >	naming by class literal	<Application,Lorg/apache/zookeeper/ClientCnxn>
Internal	Slf4j	/home/chenzhi/Data/projects/jar/zookeeper-3.4.13/zookeeper-3.4.13.jar	< Application, Lorg/apache/zookeeper/server/persistence/FilePadding, <clinit>()V >	naming by class literal	<Application,Lorg/apache/zookeeper/server/persistence/FileTxnLog>
External	Netty	/home/chenzhi/Data/projects/jar/zookeeper-3.4.13/lib/netty-3.10.6.Final.jar	< Application, Lorg/jboss/netty/handler/ssl/JdkSslContext, <clinit>()V >	naming by class literal	<Application,Lorg/jboss/netty/handler/ssl/JdkSslContext>
Internal	Slf4j	/home/chenzhi/Data/projects/jar/zookeeper-3.4.13/zookeeper-3.4.13.jar	< Application, Lorg/apache/zookeeper/server/NettyServerCnxn, <init>(Lorg/jboss/netty/channel/Channel;Lorg/apache/zookeeper/server/ZooKeeperServer;Lorg/apache/zookeeper/server/NettyServerCnxnFactory;)V >	naming by class literal	<Application,Lorg/apache/zookeeper/server/NettyServerCnxn>
Internal	Slf4j	/home/chenzhi/Data/projects/jar/zookeeper-3.4.13/zookeeper-3.4.13.jar	< Application, Lorg/apache/zookeeper/server/SyncRequestProcessor, <clinit>()V >	naming by class literal	<Application,Lorg/apache/zookeeper/server/SyncRequestProcessor>
External	Slf4j	/home/chenzhi/Data/projects/jar/zookeeper-3.4.13/lib/slf4j-api-1.7.25.jar	< Application, Lorg/slf4j/helpers/NamedLoggerBase, readResolve()Ljava/lang/Object; >	Unknown	Unknown
Internal	Slf4j	/home/chenzhi/Data/projects/jar/zookeeper-3.4.13/zookeeper-3.4.13.jar	< Application, Lorg/apache/zookeeper/server/DataTree, <clinit>()V >	naming by class literal	<Application,Lorg/apache/zookeeper/server/DataTree>
Internal	Slf4j	/home/chenzhi/Data/projects/jar/zookeeper-3.4.13/zookeeper-3.4.13.jar	< Application, Lorg/apache/zookeeper/server/quorum/AckRequestProcessor, <clinit>()V >	naming by class literal	<Application,Lorg/apache/zookeeper/server/quorum/AckRequestProcessor>
Internal	Slf4j	/home/chenzhi/Data/projects/jar/zookeeper-3.4.13/zookeeper-3.4.13.jar	< Application, Lorg/apache/zookeeper/server/quorum/FastLeaderElection, <clinit>()V >	naming by class literal	<Application,Lorg/apache/zookeeper/server/quorum/FastLeaderElection>
External	Netty	/home/chenzhi/Data/projects/jar/zookeeper-3.4.13/lib/netty-3.10.6.Final.jar	< Application, Lorg/jboss/netty/channel/socket/nio/AbstractNioSelector, <clinit>()V >	naming by class literal	<Application,Lorg/jboss/netty/channel/socket/nio/AbstractNioSelector>
External	Log4j	/home/chenzhi/Data/projects/jar/zookeeper-3.4.13/lib/log4j-1.2.17.jar	< Application, Lorg/apache/log4j/AsyncAppender$DiscardSummary, createEvent()Lorg/apache/log4j/spi/LoggingEvent; >	Unknown	Unknown
External	Unknown	/home/chenzhi/Data/projects/jar/zookeeper-3.4.13/lib/log4j-1.2.17.jar	< Application, Lorg/apache/log4j/rewrite/MapRewritePolicy, rewrite(Lorg/apache/log4j/spi/LoggingEvent;)Lorg/apache/log4j/spi/LoggingEvent; >	Unknown	Unknown
External	Unknown	/home/chenzhi/Data/projects/jar/zookeeper-3.4.13/lib/log4j-1.2.17.jar	< Application, Lorg/apache/log4j/rewrite/MapRewritePolicy, rewrite(Lorg/apache/log4j/spi/LoggingEvent;)Lorg/apache/log4j/spi/LoggingEvent; >	Unknown	Unknown
External	Log4j	/home/chenzhi/Data/projects/jar/zookeeper-3.4.13/lib/log4j-1.2.17.jar	< Application, Lorg/apache/log4j/rewrite/MapRewritePolicy, rewrite(Lorg/apache/log4j/spi/LoggingEvent;)Lorg/apache/log4j/spi/LoggingEvent; >	Unknown	Unknown
External	Netty	/home/chenzhi/Data/projects/jar/zookeeper-3.4.13/lib/netty-3.10.6.Final.jar	< Application, Lorg/jboss/netty/channel/socket/nio/DefaultNioDatagramChannelConfig, <clinit>()V >	naming by class literal	<Application,Lorg/jboss/netty/channel/socket/nio/DefaultNioDatagramChannelConfig>
Internal	Slf4j	/home/chenzhi/Data/projects/jar/zookeeper-3.4.13/zookeeper-3.4.13.jar	< Application, Lorg/apache/zookeeper/server/quorum/auth/SaslQuorumServerCallbackHandler, <clinit>()V >	naming by class literal	<Application,Lorg/apache/zookeeper/server/quorum/auth/SaslQuorumServerCallbackHandler>
Internal	Slf4j	/home/chenzhi/Data/projects/jar/zookeeper-3.4.13/zookeeper-3.4.13.jar	< Application, Lorg/apache/zookeeper/ServerAdminClient, <clinit>()V >	naming by class literal	<Application,Lorg/apache/zookeeper/ServerAdminClient>
External	Unknown	/usr/lib/jvm/java-8-openjdk-amd64/lib/tools.jar	< Application, Lcom/sun/tools/javac/main/Option$15, process(Lcom/sun/tools/javac/main/OptionHelper;Ljava/lang/String;)Z >	Unknown	Unknown
External	Netty	/home/chenzhi/Data/projects/jar/zookeeper-3.4.13/lib/netty-3.10.6.Final.jar	< Application, Lorg/jboss/netty/handler/codec/http/CookieDecoder, <init>(Z)V >	naming by class literal	<Application,Lorg/jboss/netty/handler/codec/http/CookieDecoder>
Internal	Slf4j	/home/chenzhi/Data/projects/jar/zookeeper-3.4.13/zookeeper-3.4.13.jar	< Application, Lorg/apache/zookeeper/common/PathTrie, <clinit>()V >	naming by class literal	<Application,Lorg/apache/zookeeper/common/PathTrie>
External	Netty	/home/chenzhi/Data/projects/jar/zookeeper-3.4.13/lib/netty-3.10.6.Final.jar	< Application, Lorg/jboss/netty/channel/DefaultFileRegion, <clinit>()V >	naming by class literal	<Application,Lorg/jboss/netty/channel/DefaultFileRegion>
Internal	Slf4j	/home/chenzhi/Data/projects/jar/zookeeper-3.4.13/zookeeper-3.4.13.jar	< Application, Lorg/apache/zookeeper/ZooKeeperTestable, <clinit>()V >	naming by class literal	<Application,Lorg/apache/zookeeper/ZooKeeperTestable>
Internal	Slf4j	/home/chenzhi/Data/projects/jar/zookeeper-3.4.13/zookeeper-3.4.13.jar	< Application, Lorg/apache/zookeeper/server/quorum/QuorumPeer, <clinit>()V >	naming by class literal	<Application,Lorg/apache/zookeeper/server/quorum/QuorumPeer>
External	JUL	/usr/lib/jvm/java-8-openjdk-amd64/lib/tools.jar	< Application, Lcom/sun/xml/internal/xsom/parser/JAXPParser, <clinit>()V >	naming by class literal	<Application,Lcom/sun/xml/internal/xsom/parser/JAXPParser>
External	Log4j	/home/chenzhi/Data/projects/jar/zookeeper-3.4.13/lib/log4j-1.2.17.jar	< Application, Lorg/apache/log4j/jmx/LayoutDynamicMBean, <clinit>()V >	Unknown	Unknown
Internal	Slf4j	/home/chenzhi/Data/projects/jar/zookeeper-3.4.13/zookeeper-3.4.13.jar	< Application, Lorg/apache/zookeeper/server/ServerCnxn, <clinit>()V >	naming by class literal	<Application,Lorg/apache/zookeeper/server/ServerCnxn>
External	Netty	/home/chenzhi/Data/projects/jar/zookeeper-3.4.13/lib/netty-3.10.6.Final.jar	< Application, Lorg/jboss/netty/util/internal/SharedResourceMisuseDetector, <clinit>()V >	naming by class literal	<Application,Lorg/jboss/netty/util/internal/SharedResourceMisuseDetector>
Internal	Slf4j	/home/chenzhi/Data/projects/jar/zookeeper-3.4.13/zookeeper-3.4.13.jar	< Application, Lorg/apache/zookeeper/server/util/SerializeUtils, <clinit>()V >	naming by class literal	<Application,Lorg/apache/zookeeper/server/util/SerializeUtils>
Internal	Slf4j	/home/chenzhi/Data/projects/jar/zookeeper-3.4.13/zookeeper-3.4.13.jar	< Application, Lorg/apache/zookeeper/server/FinalRequestProcessor, <clinit>()V >	naming by class literal	<Application,Lorg/apache/zookeeper/server/FinalRequestProcessor>
External	Netty	/home/chenzhi/Data/projects/jar/zookeeper-3.4.13/lib/netty-3.10.6.Final.jar	< Application, Lorg/jboss/netty/handler/codec/http/websocketx/WebSocketClientHandshaker08, <clinit>()V >	naming by class literal	<Application,Lorg/jboss/netty/handler/codec/http/websocketx/WebSocketClientHandshaker08>
External	Unknown	/home/chenzhi/Data/projects/jar/zookeeper-3.4.13/lib/log4j-1.2.17.jar	< Application, Lorg/apache/log4j/rewrite/PropertyRewritePolicy, rewrite(Lorg/apache/log4j/spi/LoggingEvent;)Lorg/apache/log4j/spi/LoggingEvent; >	Unknown	Unknown
External	Unknown	/home/chenzhi/Data/projects/jar/zookeeper-3.4.13/lib/log4j-1.2.17.jar	< Application, Lorg/apache/log4j/rewrite/PropertyRewritePolicy, rewrite(Lorg/apache/log4j/spi/LoggingEvent;)Lorg/apache/log4j/spi/LoggingEvent; >	Unknown	Unknown
External	Log4j	/home/chenzhi/Data/projects/jar/zookeeper-3.4.13/lib/log4j-1.2.17.jar	< Application, Lorg/apache/log4j/rewrite/PropertyRewritePolicy, rewrite(Lorg/apache/log4j/spi/LoggingEvent;)Lorg/apache/log4j/spi/LoggingEvent; >	Unknown	Unknown
External	Log4j	/home/chenzhi/Data/projects/jar/zookeeper-3.4.13/lib/log4j-1.2.17.jar	< Application, Lorg/apache/log4j/net/JMSSink, onMessage(Ljavax/jms/Message;)V >	Unknown	Unknown
External	Log4j	/home/chenzhi/Data/projects/jar/zookeeper-3.4.13/lib/log4j-1.2.17.jar	< Application, Lorg/apache/log4j/net/JMSSink, <clinit>()V >	Unknown	Unknown
Internal	Slf4j	/home/chenzhi/Data/projects/jar/zookeeper-3.4.13/zookeeper-3.4.13.jar	< Application, Lorg/apache/zookeeper/server/quorum/auth/SaslQuorumAuthLearner, <clinit>()V >	naming by class literal	<Application,Lorg/apache/zookeeper/server/quorum/auth/SaslQuorumAuthLearner>
External	Netty	/home/chenzhi/Data/projects/jar/zookeeper-3.4.13/lib/netty-3.10.6.Final.jar	< Application, Lorg/jboss/netty/handler/ssl/OpenSslEngine, <clinit>()V >	naming by class literal	<Application,Lorg/jboss/netty/handler/ssl/OpenSslEngine>
Internal	Slf4j	/home/chenzhi/Data/projects/jar/zookeeper-3.4.13/zookeeper-3.4.13.jar	< Application, Lorg/apache/zookeeper/server/auth/SaslServerCallbackHandler, <clinit>()V >	naming by class literal	<Application,Lorg/apache/zookeeper/server/auth/SaslServerCallbackHandler>
External	Netty	/home/chenzhi/Data/projects/jar/zookeeper-3.4.13/lib/netty-3.10.6.Final.jar	< Application, Lorg/jboss/netty/handler/codec/http/websocketx/WebSocketServerHandshaker07, <clinit>()V >	naming by class literal	<Application,Lorg/jboss/netty/handler/codec/http/websocketx/WebSocketServerHandshaker07>
External	Netty	/home/chenzhi/Data/projects/jar/zookeeper-3.4.13/lib/netty-3.10.6.Final.jar	< Application, Lorg/jboss/netty/handler/traffic/AbstractTrafficShapingHandler, <clinit>()V >	naming by class literal	<Application,Lorg/jboss/netty/handler/traffic/AbstractTrafficShapingHandler>
Internal	Slf4j	/home/chenzhi/Data/projects/jar/zookeeper-3.4.13/zookeeper-3.4.13.jar	< Application, Lorg/apache/zookeeper/server/ZooKeeperSaslServer, <init>(Lorg/apache/zookeeper/Login;)V >	naming by class literal	<Application,Lorg/apache/zookeeper/server/ZooKeeperSaslServer>
Internal	Slf4j	/home/chenzhi/Data/projects/jar/zookeeper-3.4.13/zookeeper-3.4.13.jar	< Application, Lorg/apache/zookeeper/client/ZooKeeperSaslClient, <clinit>()V >	naming by class literal	<Application,Lorg/apache/zookeeper/client/ZooKeeperSaslClient>
Internal	Slf4j	/home/chenzhi/Data/projects/jar/zookeeper-3.4.13/zookeeper-3.4.13.jar	< Application, Lorg/apache/zookeeper/server/PurgeTxnLog, <clinit>()V >	naming by class literal	<Application,Lorg/apache/zookeeper/server/PurgeTxnLog>
Internal	Slf4j	/home/chenzhi/Data/projects/jar/zookeeper-3.4.13/zookeeper-3.4.13.jar	< Application, Lorg/apache/zookeeper/server/ZooKeeperServerListenerImpl, <clinit>()V >	naming by class literal	<Application,Lorg/apache/zookeeper/server/ZooKeeperServerListenerImpl>
External	Netty	/home/chenzhi/Data/projects/jar/zookeeper-3.4.13/lib/netty-3.10.6.Final.jar	< Application, Lorg/jboss/netty/handler/ssl/util/InsecureTrustManagerFactory, <clinit>()V >	naming by class literal	<Application,Lorg/jboss/netty/handler/ssl/util/InsecureTrustManagerFactory>
External	Netty	/home/chenzhi/Data/projects/jar/zookeeper-3.4.13/lib/netty-3.10.6.Final.jar	< Application, Lorg/jboss/netty/handler/ipfilter/PatternRule, <clinit>()V >	naming by class literal	<Application,Lorg/jboss/netty/handler/ipfilter/PatternRule>
Internal	Slf4j	/home/chenzhi/Data/projects/jar/zookeeper-3.4.13/zookeeper-3.4.13.jar	< Application, Lorg/apache/zookeeper/server/ZooTrace, setTextTraceLevel(J)V >	naming by class literal	<Application,Lorg/apache/zookeeper/server/ZooTrace>
External	JUL	/usr/lib/jvm/java-8-openjdk-amd64/lib/tools.jar	< Application, Lcom/sun/tools/internal/jxc/SchemaGenerator, findJaxbApiJar()Ljava/lang/String; >	naming by class literal	<Application,Lcom/sun/tools/internal/jxc/SchemaGenerator>
External	JUL	/usr/lib/jvm/java-8-openjdk-amd64/lib/tools.jar	< Application, Lcom/sun/tools/internal/jxc/SchemaGenerator, findJaxbApiJar()Ljava/lang/String; >	naming by class literal	<Application,Lcom/sun/tools/internal/jxc/SchemaGenerator>
External	Netty	/home/chenzhi/Data/projects/jar/zookeeper-3.4.13/lib/netty-3.10.6.Final.jar	< Application, Lorg/jboss/netty/channel/local/LocalClientChannelSink, <clinit>()V >	naming by class literal	<Application,Lorg/jboss/netty/channel/local/LocalClientChannelSink>
Internal	Slf4j	/home/chenzhi/Data/projects/jar/zookeeper-3.4.13/zookeeper-3.4.13.jar	< Application, Lorg/apache/zookeeper/server/quorum/auth/QuorumAuth, <clinit>()V >	naming by class literal	<Application,Lorg/apache/zookeeper/server/quorum/auth/QuorumAuth>
Internal	Slf4j	/home/chenzhi/Data/projects/jar/zookeeper-3.4.13/zookeeper-3.4.13.jar	< Application, Lorg/apache/zookeeper/server/persistence/FileSnap, <clinit>()V >	naming by class literal	<Application,Lorg/apache/zookeeper/server/persistence/FileSnap>
External	Netty	/home/chenzhi/Data/projects/jar/zookeeper-3.4.13/lib/netty-3.10.6.Final.jar	< Application, Lorg/jboss/netty/util/NetUtil, <clinit>()V >	naming by class literal	<Application,Lorg/jboss/netty/util/NetUtil>
External	JUL	/usr/lib/jvm/java-8-openjdk-amd64/lib/tools.jar	< Application, Lcom/sun/istack/internal/tools/ParallelWorldClassLoader, findResource(Ljava/lang/String;)Ljava/net/URL; >	naming by class literal	<Application,Lcom/sun/istack/internal/tools/ParallelWorldClassLoader>
External	JUL	/usr/lib/jvm/java-8-openjdk-amd64/lib/tools.jar	< Application, Lcom/sun/istack/internal/tools/ParallelWorldClassLoader, findResource(Ljava/lang/String;)Ljava/net/URL; >	naming by class literal	<Application,Lcom/sun/istack/internal/tools/ParallelWorldClassLoader>
External	JUL	/usr/lib/jvm/java-8-openjdk-amd64/lib/tools.jar	< Application, Lcom/sun/istack/internal/tools/ParallelWorldClassLoader, findResources(Ljava/lang/String;)Ljava/util/Enumeration; >	naming by class literal	<Application,Lcom/sun/istack/internal/tools/ParallelWorldClassLoader>
External	JUL	/usr/lib/jvm/java-8-openjdk-amd64/lib/tools.jar	< Application, Lcom/sun/istack/internal/tools/ParallelWorldClassLoader, findResources(Ljava/lang/String;)Ljava/util/Enumeration; >	naming by class literal	<Application,Lcom/sun/istack/internal/tools/ParallelWorldClassLoader>
Internal	Slf4j	/home/chenzhi/Data/projects/jar/zookeeper-3.4.13/zookeeper-3.4.13.jar	< Application, Lorg/apache/zookeeper/jmx/MBeanRegistry, <clinit>()V >	naming by class literal	<Application,Lorg/apache/zookeeper/jmx/MBeanRegistry>
External	Log4j	/home/chenzhi/Data/projects/jar/zookeeper-3.4.13/lib/netty-3.10.6.Final.jar	< Application, Lorg/jboss/netty/logging/Log4JLoggerFactory, newInstance(Ljava/lang/String;)Lorg/jboss/netty/logging/InternalLogger; >	Unknown	Unknown
Internal	Slf4j	/home/chenzhi/Data/projects/jar/zookeeper-3.4.13/zookeeper-3.4.13.jar	< Application, Lorg/apache/zookeeper/server/DatadirCleanupManager, <clinit>()V >	naming by class literal	<Application,Lorg/apache/zookeeper/server/DatadirCleanupManager>
External	JUL	/usr/lib/jvm/java-8-openjdk-amd64/lib/tools.jar	< Application, Lcom/sun/istack/internal/tools/DefaultAuthenticator$DefaultRImpl, onError(Ljava/lang/Exception;Lorg/xml/sax/Locator;)V >	naming by class literal	<Application,Lcom/sun/istack/internal/tools/DefaultAuthenticator>
External	Netty	/home/chenzhi/Data/projects/jar/zookeeper-3.4.13/lib/netty-3.10.6.Final.jar	< Application, Lorg/jboss/netty/channel/SimpleChannelHandler, <clinit>()V >	naming by class literal	<Application,Lorg/jboss/netty/channel/SimpleChannelHandler>
Internal	Slf4j	/home/chenzhi/Data/projects/jar/zookeeper-3.4.13/zookeeper-3.4.13.jar	< Application, Lorg/apache/zookeeper/server/quorum/ObserverRequestProcessor, <clinit>()V >	naming by class literal	<Application,Lorg/apache/zookeeper/server/quorum/ObserverRequestProcessor>
External	Netty	/home/chenzhi/Data/projects/jar/zookeeper-3.4.13/lib/netty-3.10.6.Final.jar	< Application, Lorg/jboss/netty/handler/ipfilter/CIDR6, <clinit>()V >	naming by class literal	<Application,Lorg/jboss/netty/handler/ipfilter/CIDR6>
External	Log4j	/home/chenzhi/Data/projects/jar/zookeeper-3.4.13/lib/log4j-1.2.17.jar	< Application, Lorg/apache/log4j/net/SimpleSocketServer, <clinit>()V >	Unknown	Unknown
Internal	Slf4j	/home/chenzhi/Data/projects/jar/zookeeper-3.4.13/zookeeper-3.4.13.jar	< Application, Lorg/apache/zookeeper/server/quorum/flexible/QuorumMaj, <clinit>()V >	naming by class literal	<Application,Lorg/apache/zookeeper/server/quorum/flexible/QuorumMaj>
External	Netty	/home/chenzhi/Data/projects/jar/zookeeper-3.4.13/lib/netty-3.10.6.Final.jar	< Application, Lorg/jboss/netty/handler/ssl/OpenSsl, <clinit>()V >	naming by class literal	<Application,Lorg/jboss/netty/handler/ssl/OpenSsl>
Internal	Slf4j	/home/chenzhi/Data/projects/jar/zookeeper-3.4.13/zookeeper-3.4.13.jar	< Application, Lorg/apache/zookeeper/server/util/OSMXBean, <clinit>()V >	naming by class literal	<Application,Lorg/apache/zookeeper/server/util/OSMXBean>
External	Log4j	/home/chenzhi/Data/projects/jar/zookeeper-3.4.13/lib/log4j-1.2.17.jar	< Application, Lorg/apache/log4j/chainsaw/ExitAction, <clinit>()V >	Unknown	Unknown
External	Netty	/home/chenzhi/Data/projects/jar/zookeeper-3.4.13/lib/netty-3.10.6.Final.jar	< Application, Lorg/jboss/netty/util/ThreadRenamingRunnable, <clinit>()V >	naming by class literal	<Application,Lorg/jboss/netty/util/ThreadRenamingRunnable>
Internal	Slf4j	/home/chenzhi/Data/projects/jar/zookeeper-3.4.13/zookeeper-3.4.13.jar	< Application, Lorg/apache/zookeeper/server/persistence/FileTxnSnapLog, <clinit>()V >	naming by class literal	<Application,Lorg/apache/zookeeper/server/persistence/FileTxnSnapLog>
Internal	Slf4j	/home/chenzhi/Data/projects/jar/zookeeper-3.4.13/zookeeper-3.4.13.jar	< Application, Lorg/apache/zookeeper/server/quorum/QuorumCnxManager, <clinit>()V >	naming by class literal	<Application,Lorg/apache/zookeeper/server/quorum/QuorumCnxManager>
External	Netty	/home/chenzhi/Data/projects/jar/zookeeper-3.4.13/lib/netty-3.10.6.Final.jar	< Application, Lorg/jboss/netty/channel/CompleteChannelFuture, <clinit>()V >	naming by class literal	<Application,Lorg/jboss/netty/channel/CompleteChannelFuture>
External	Netty	/home/chenzhi/Data/projects/jar/zookeeper-3.4.13/lib/netty-3.10.6.Final.jar	< Application, Lorg/jboss/netty/handler/codec/http/websocketx/WebSocketServerHandshaker13, <clinit>()V >	naming by class literal	<Application,Lorg/jboss/netty/handler/codec/http/websocketx/WebSocketServerHandshaker13>
Internal	Slf4j	/home/chenzhi/Data/projects/jar/zookeeper-3.4.13/zookeeper-3.4.13.jar	< Application, Lorg/apache/zookeeper/server/ConnectionBean, <clinit>()V >	naming by class literal	<Application,Lorg/apache/zookeeper/server/ConnectionBean>
External	Netty	/home/chenzhi/Data/projects/jar/zookeeper-3.4.13/lib/netty-3.10.6.Final.jar	< Application, Lorg/jboss/netty/handler/codec/http/websocketx/WebSocketServerHandshaker00, <clinit>()V >	naming by class literal	<Application,Lorg/jboss/netty/handler/codec/http/websocketx/WebSocketServerHandshaker00>
External	Netty	/home/chenzhi/Data/projects/jar/zookeeper-3.4.13/lib/netty-3.10.6.Final.jar	< Application, Lorg/jboss/netty/channel/socket/nio/NioClientSocketPipelineSink, <clinit>()V >	naming by class literal	<Application,Lorg/jboss/netty/channel/socket/nio/NioClientSocketPipelineSink>
External	Netty	/home/chenzhi/Data/projects/jar/zookeeper-3.4.13/lib/netty-3.10.6.Final.jar	< Application, Lorg/jboss/netty/handler/codec/http/multipart/AbstractDiskHttpData, <clinit>()V >	naming by class literal	<Application,Lorg/jboss/netty/handler/codec/http/multipart/AbstractDiskHttpData>
External	Netty	/home/chenzhi/Data/projects/jar/zookeeper-3.4.13/lib/netty-3.10.6.Final.jar	< Application, Lorg/jboss/netty/handler/codec/http/websocketx/WebSocketClientHandshaker13, <clinit>()V >	naming by class literal	<Application,Lorg/jboss/netty/handler/codec/http/websocketx/WebSocketClientHandshaker13>
External	Netty	/home/chenzhi/Data/projects/jar/zookeeper-3.4.13/lib/netty-3.10.6.Final.jar	< Application, Lorg/jboss/netty/handler/codec/http/websocketx/WebSocketServerProtocolHandshakeHandler, <clinit>()V >	naming by class literal	<Application,Lorg/jboss/netty/handler/codec/http/websocketx/WebSocketServerProtocolHandshakeHandler>
External	Netty	/home/chenzhi/Data/projects/jar/zookeeper-3.4.13/lib/netty-3.10.6.Final.jar	< Application, Lorg/jboss/netty/channel/DefaultChannelFuture, <clinit>()V >	naming by class literal	<Application,Lorg/jboss/netty/channel/DefaultChannelFuture>
External	Netty	/home/chenzhi/Data/projects/jar/zookeeper-3.4.13/lib/netty-3.10.6.Final.jar	< Application, Lorg/jboss/netty/channel/socket/nio/AbstractNioBossPool, <clinit>()V >	naming by class literal	<Application,Lorg/jboss/netty/channel/socket/nio/AbstractNioBossPool>
Internal	Slf4j	/home/chenzhi/Data/projects/jar/zookeeper-3.4.13/zookeeper-3.4.13.jar	< Application, Lorg/apache/zookeeper/server/ZooKeeperServerMain, <clinit>()V >	naming by class literal	<Application,Lorg/apache/zookeeper/server/ZooKeeperServerMain>
External	Netty	/home/chenzhi/Data/projects/jar/zookeeper-3.4.13/lib/netty-3.10.6.Final.jar	< Application, Lorg/jboss/netty/handler/codec/http/cookie/CookieDecoder, <init>(Z)V >	naming by class literal	<Application,Lorg/jboss/netty/handler/codec/http/cookie/CookieDecoder>
External	Unknown	/home/chenzhi/Data/projects/jar/zookeeper-3.4.13/lib/log4j-1.2.17.jar	< Application, Lorg/apache/log4j/LogManager, getLogger(Ljava/lang/String;)Lorg/apache/log4j/Logger; >	Unknown	Unknown
External	Unknown	/home/chenzhi/Data/projects/jar/zookeeper-3.4.13/lib/log4j-1.2.17.jar	< Application, Lorg/apache/log4j/LogManager, getLogger(Ljava/lang/Class;)Lorg/apache/log4j/Logger; >	Unknown	Unknown
External	Unknown	/home/chenzhi/Data/projects/jar/zookeeper-3.4.13/lib/log4j-1.2.17.jar	< Application, Lorg/apache/log4j/LogManager, getLogger(Ljava/lang/String;Lorg/apache/log4j/spi/LoggerFactory;)Lorg/apache/log4j/Logger; >	Unknown	Unknown
Internal	Slf4j	/home/chenzhi/Data/projects/jar/zookeeper-3.4.13/zookeeper-3.4.13.jar	< Application, Lorg/apache/zookeeper/server/util/Profiler, <clinit>()V >	naming by class literal	<Application,Lorg/apache/zookeeper/server/util/Profiler>
Internal	Slf4j	/home/chenzhi/Data/projects/jar/zookeeper-3.4.13/zookeeper-3.4.13.jar	< Application, Lorg/apache/zookeeper/server/quorum/Leader, <clinit>()V >	naming by class literal	<Application,Lorg/apache/zookeeper/server/quorum/Leader>
Internal	Slf4j	/home/chenzhi/Data/projects/jar/zookeeper-3.4.13/zookeeper-3.4.13.jar	< Application, Lorg/apache/zookeeper/Login, <clinit>()V >	naming by class literal	<Application,Lorg/apache/zookeeper/Login>
Internal	Slf4j	/home/chenzhi/Data/projects/jar/zookeeper-3.4.13/zookeeper-3.4.13.jar	< Application, Lorg/apache/zookeeper/server/auth/ProviderRegistry, <clinit>()V >	naming by class literal	<Application,Lorg/apache/zookeeper/server/auth/ProviderRegistry>
Internal	Slf4j	/home/chenzhi/Data/projects/jar/zookeeper-3.4.13/zookeeper-3.4.13.jar	< Application, Lorg/apache/zookeeper/server/quorum/FollowerRequestProcessor, <clinit>()V >	naming by class literal	<Application,Lorg/apache/zookeeper/server/quorum/FollowerRequestProcessor>
Internal	Slf4j	/home/chenzhi/Data/projects/jar/zookeeper-3.4.13/zookeeper-3.4.13.jar	< Application, Lorg/apache/zookeeper/ZooKeeperMain, <clinit>()V >	naming by class literal	<Application,Lorg/apache/zookeeper/ZooKeeperMain>
External	Log4j	/home/chenzhi/Data/projects/jar/zookeeper-3.4.13/lib/log4j-1.2.17.jar	< Application, Lorg/apache/log4j/chainsaw/LoggingReceiver, <clinit>()V >	Unknown	Unknown
Internal	Slf4j	/home/chenzhi/Data/projects/jar/zookeeper-3.4.13/zookeeper-3.4.13.jar	< Application, Lorg/apache/zookeeper/server/persistence/Util, <clinit>()V >	naming by class literal	<Application,Lorg/apache/zookeeper/server/persistence/Util>
External	Netty	/home/chenzhi/Data/projects/jar/zookeeper-3.4.13/lib/netty-3.10.6.Final.jar	< Application, Lorg/jboss/netty/channel/SimpleChannelUpstreamHandler, <clinit>()V >	naming by class literal	<Application,Lorg/jboss/netty/channel/SimpleChannelUpstreamHandler>
External	Netty	/home/chenzhi/Data/projects/jar/zookeeper-3.4.13/lib/netty-3.10.6.Final.jar	< Application, Lorg/jboss/netty/channel/socket/nio/NioClientSocketChannel, <clinit>()V >	naming by class literal	<Application,Lorg/jboss/netty/channel/socket/nio/NioClientSocketChannel>
Internal	Slf4j	/home/chenzhi/Data/projects/jar/zookeeper-3.4.13/zookeeper-3.4.13.jar	< Application, Lorg/apache/zookeeper/server/ZooKeeperServer, <clinit>()V >	naming by class literal	<Application,Lorg/apache/zookeeper/server/ZooKeeperServer>
External	Netty	/home/chenzhi/Data/projects/jar/zookeeper-3.4.13/lib/netty-3.10.6.Final.jar	< Application, Lorg/jboss/netty/handler/traffic/GlobalChannelTrafficShapingHandler, <clinit>()V >	naming by class literal	<Application,Lorg/jboss/netty/handler/traffic/GlobalChannelTrafficShapingHandler>
External	Netty	/home/chenzhi/Data/projects/jar/zookeeper-3.4.13/lib/netty-3.10.6.Final.jar	< Application, Lorg/jboss/netty/handler/traffic/TrafficCounter, <clinit>()V >	naming by class literal	<Application,Lorg/jboss/netty/handler/traffic/TrafficCounter>
Internal	Slf4j	/home/chenzhi/Data/projects/jar/zookeeper-3.4.13/zookeeper-3.4.13.jar	< Application, Lorg/apache/zookeeper/server/quorum/LearnerHandler, <clinit>()V >	naming by class literal	<Application,Lorg/apache/zookeeper/server/quorum/LearnerHandler>
Internal	Slf4j	/home/chenzhi/Data/projects/jar/zookeeper-3.4.13/zookeeper-3.4.13.jar	< Application, Lorg/apache/zookeeper/server/quorum/QuorumPeerConfig, <clinit>()V >	naming by class literal	<Application,Lorg/apache/zookeeper/server/quorum/QuorumPeerConfig>
External	Netty	/home/chenzhi/Data/projects/jar/zookeeper-3.4.13/lib/netty-3.10.6.Final.jar	< Application, Lorg/jboss/netty/handler/codec/http/websocketx/WebSocketClientHandshaker07, <clinit>()V >	naming by class literal	<Application,Lorg/jboss/netty/handler/codec/http/websocketx/WebSocketClientHandshaker07>
Internal	Slf4j	/home/chenzhi/Data/projects/jar/zookeeper-3.4.13/zookeeper-3.4.13.jar	< Application, Lorg/apache/zookeeper/server/LogFormatter, <clinit>()V >	naming by class literal	<Application,Lorg/apache/zookeeper/server/LogFormatter>
Internal	Slf4j	/home/chenzhi/Data/projects/jar/zookeeper-3.4.13/zookeeper-3.4.13.jar	< Application, Lorg/apache/zookeeper/server/persistence/FileTxnLog, <clinit>()V >	naming by class literal	<Application,Lorg/apache/zookeeper/server/persistence/FileTxnLog>
Internal	Slf4j	/home/chenzhi/Data/projects/jar/zookeeper-3.4.13/zookeeper-3.4.13.jar	< Application, Lorg/apache/zookeeper/server/quorum/ReadOnlyRequestProcessor, <clinit>()V >	naming by class literal	<Application,Lorg/apache/zookeeper/server/quorum/ReadOnlyRequestProcessor>
External	JUL	/usr/lib/jvm/java-8-openjdk-amd64/lib/tools.jar	< Application, Lcom/sun/tools/internal/jxc/SchemaGenerator$Runner, compile([Ljava/lang/String;Ljava/io/File;)Z >	naming by class literal	<Application,Lcom/sun/tools/internal/jxc/SchemaGenerator>
Internal	Slf4j	/home/chenzhi/Data/projects/jar/zookeeper-3.4.13/zookeeper-3.4.13.jar	< Application, Lorg/apache/zookeeper/server/SessionTrackerImpl, <clinit>()V >	naming by class literal	<Application,Lorg/apache/zookeeper/server/SessionTrackerImpl>
External	Unknown	/home/chenzhi/Data/projects/jar/zookeeper-3.4.13/lib/log4j-1.2.17.jar	< Application, Lorg/apache/log4j/Hierarchy, getLogger(Ljava/lang/String;)Lorg/apache/log4j/Logger; >	Unknown	Unknown
Internal	Slf4j	/home/chenzhi/Data/projects/jar/zookeeper-3.4.13/zookeeper-3.4.13.jar	< Application, Lorg/apache/zookeeper/server/quorum/SendAckRequestProcessor, <clinit>()V >	naming by class literal	<Application,Lorg/apache/zookeeper/server/quorum/SendAckRequestProcessor>
External	Unknown	/usr/lib/jvm/java-8-openjdk-amd64/lib/tools.jar	< Application, Lcom/sun/tools/javac/main/Option$14, process(Lcom/sun/tools/javac/main/OptionHelper;Ljava/lang/String;)Z >	Unknown	Unknown
Internal	Slf4j	/home/chenzhi/Data/projects/jar/zookeeper-3.4.13/zookeeper-3.4.13.jar	< Application, Lorg/apache/zookeeper/server/Request, <clinit>()V >	naming by class literal	<Application,Lorg/apache/zookeeper/server/Request>
External	Netty	/home/chenzhi/Data/projects/jar/zookeeper-3.4.13/lib/netty-3.10.6.Final.jar	< Application, Lorg/jboss/netty/channel/group/DefaultChannelGroupFuture, <clinit>()V >	naming by class literal	<Application,Lorg/jboss/netty/channel/group/DefaultChannelGroupFuture>
External	Netty	/home/chenzhi/Data/projects/jar/zookeeper-3.4.13/lib/netty-3.10.6.Final.jar	< Application, Lorg/jboss/netty/handler/codec/http/websocketx/WebSocket08FrameEncoder, <clinit>()V >	naming by class literal	<Application,Lorg/jboss/netty/handler/codec/http/websocketx/WebSocket08FrameEncoder>
Internal	Slf4j	/home/chenzhi/Data/projects/jar/zookeeper-3.4.13/zookeeper-3.4.13.jar	< Application, Lorg/apache/zookeeper/server/ZooKeeperCriticalThread, <clinit>()V >	naming by class literal	<Application,Lorg/apache/zookeeper/server/ZooKeeperCriticalThread>
External	JUL	/usr/lib/jvm/java-8-openjdk-amd64/lib/tools.jar	< Application, Lcom/sun/tools/internal/xjc/model/nav/Utils, <clinit>()V >	naming by class literal	<Application,Lcom/sun/tools/internal/xjc/model/nav/Utils>
External	Netty	/home/chenzhi/Data/projects/jar/zookeeper-3.4.13/lib/netty-3.10.6.Final.jar	< Application, Lorg/jboss/netty/handler/ssl/PemReader, <clinit>()V >	naming by class literal	<Application,Lorg/jboss/netty/handler/ssl/PemReader>
External	Unknown	/home/chenzhi/Data/projects/jar/zookeeper-3.4.13/lib/slf4j-log4j12-1.7.25.jar	< Application, Lorg/slf4j/impl/Log4jLoggerFactory, getLogger(Ljava/lang/String;)Lorg/slf4j/Logger; >	Unknown	Unknown
External	Netty	/home/chenzhi/Data/projects/jar/zookeeper-3.4.13/lib/netty-3.10.6.Final.jar	< Application, Lorg/jboss/netty/channel/socket/nio/AbstractNioWorkerPool, <clinit>()V >	naming by class literal	<Application,Lorg/jboss/netty/channel/socket/nio/AbstractNioWorkerPool>
Internal	Slf4j	/home/chenzhi/Data/projects/jar/zookeeper-3.4.13/zookeeper-3.4.13.jar	< Application, Lorg/apache/zookeeper/server/ServerCnxnFactory, <clinit>()V >	naming by class literal	<Application,Lorg/apache/zookeeper/server/ServerCnxnFactory>
External	Log4j	/home/chenzhi/Data/projects/jar/zookeeper-3.4.13/lib/log4j-1.2.17.jar	< Application, Lorg/apache/log4j/chainsaw/ControlPanel, <clinit>()V >	Unknown	Unknown
External	JUL	/usr/lib/jvm/java-8-openjdk-amd64/lib/tools.jar	< Application, Lcom/sun/tools/internal/ws/wscompile/WsimportOptions, parseArguments([Ljava/lang/String;)V >	naming by class literal	<Application,Lcom/sun/tools/internal/ws/wscompile/WsimportOptions>
External	Unknown	/usr/lib/jvm/java-8-openjdk-amd64/lib/tools.jar	< Application, Lcom/sun/tools/javac/main/Option$23, process(Lcom/sun/tools/javac/main/OptionHelper;Ljava/lang/String;Ljava/lang/String;)Z >	Unknown	Unknown
Internal	Log4j	/home/chenzhi/Data/projects/jar/zookeeper-3.4.13/zookeeper-3.4.13.jar	< Application, Lorg/apache/zookeeper/client/FourLetterWordMain, <clinit>()V >	naming by class literal	<Application,Lorg/apache/zookeeper/client/FourLetterWordMain>
External	Log4j	/home/chenzhi/Data/projects/jar/zookeeper-3.4.13/lib/log4j-1.2.17.jar	< Application, Lorg/apache/log4j/jmx/LoggerDynamicMBean, <clinit>()V >	Unknown	Unknown
Internal	Slf4j	/home/chenzhi/Data/projects/jar/zookeeper-3.4.13/zookeeper-3.4.13.jar	< Application, Lorg/apache/zookeeper/server/WatchManager, <clinit>()V >	naming by class literal	<Application,Lorg/apache/zookeeper/server/WatchManager>
Internal	Slf4j	/home/chenzhi/Data/projects/jar/zookeeper-3.4.13/zookeeper-3.4.13.jar	< Application, Lorg/apache/zookeeper/server/quorum/ProposalRequestProcessor, <clinit>()V >	naming by class literal	<Application,Lorg/apache/zookeeper/server/quorum/ProposalRequestProcessor>
Internal	Slf4j	/home/chenzhi/Data/projects/jar/zookeeper-3.4.13/zookeeper-3.4.13.jar	< Application, Lorg/apache/zookeeper/server/NettyServerCnxnFactory, <init>()V >	naming by class literal	<Application,Lorg/apache/zookeeper/server/NettyServerCnxnFactory>
External	JUL	/usr/lib/jvm/java-8-openjdk-amd64/lib/tools.jar	< Application, Lcom/sun/istack/internal/tools/DefaultAuthenticator, setAuth(Ljava/io/File;Lcom/sun/istack/internal/tools/DefaultAuthenticator$Receiver;)V >	naming by class literal	<Application,Lcom/sun/istack/internal/tools/DefaultAuthenticator>
External	JUL	/usr/lib/jvm/java-8-openjdk-amd64/lib/tools.jar	< Application, Lcom/sun/istack/internal/tools/DefaultAuthenticator, setAuth(Ljava/io/File;Lcom/sun/istack/internal/tools/DefaultAuthenticator$Receiver;)V >	naming by class literal	<Application,Lcom/sun/istack/internal/tools/DefaultAuthenticator>
External	JUL	/usr/lib/jvm/java-8-openjdk-amd64/lib/tools.jar	< Application, Lcom/sun/istack/internal/tools/DefaultAuthenticator, setAuth(Ljava/io/File;Lcom/sun/istack/internal/tools/DefaultAuthenticator$Receiver;)V >	naming by class literal	<Application,Lcom/sun/istack/internal/tools/DefaultAuthenticator>
External	JUL	/usr/lib/jvm/java-8-openjdk-amd64/lib/tools.jar	< Application, Lcom/sun/istack/internal/tools/DefaultAuthenticator, setAuth(Ljava/io/File;Lcom/sun/istack/internal/tools/DefaultAuthenticator$Receiver;)V >	naming by class literal	<Application,Lcom/sun/istack/internal/tools/DefaultAuthenticator>
External	JUL	/usr/lib/jvm/java-8-openjdk-amd64/lib/tools.jar	< Application, Lcom/sun/istack/internal/tools/DefaultAuthenticator, setAuth(Ljava/io/File;Lcom/sun/istack/internal/tools/DefaultAuthenticator$Receiver;)V >	naming by class literal	<Application,Lcom/sun/istack/internal/tools/DefaultAuthenticator>
Internal	Slf4j	/home/chenzhi/Data/projects/jar/zookeeper-3.4.13/zookeeper-3.4.13.jar	< Application, Lorg/apache/zookeeper/server/auth/DigestAuthenticationProvider, <clinit>()V >	naming by class literal	<Application,Lorg/apache/zookeeper/server/auth/DigestAuthenticationProvider>
Internal	Slf4j	/home/chenzhi/Data/projects/jar/zookeeper-3.4.13/zookeeper-3.4.13.jar	< Application, Lorg/apache/zookeeper/server/NIOServerCnxn, <clinit>()V >	naming by class literal	<Application,Lorg/apache/zookeeper/server/NIOServerCnxn>
External	Netty	/home/chenzhi/Data/projects/jar/zookeeper-3.4.13/lib/netty-3.10.6.Final.jar	< Application, Lorg/jboss/netty/channel/socket/nio/SelectorUtil, <clinit>()V >	naming by class literal	<Application,Lorg/jboss/netty/channel/socket/nio/SelectorUtil>
Internal	Slf4j	/home/chenzhi/Data/projects/jar/zookeeper-3.4.13/zookeeper-3.4.13.jar	< Application, Lorg/apache/zookeeper/server/upgrade/UpgradeMain, <clinit>()V >	naming by class literal	<Application,Lorg/apache/zookeeper/server/upgrade/UpgradeMain>
External	Log4j	/home/chenzhi/Data/projects/jar/zookeeper-3.4.13/lib/log4j-1.2.17.jar	< Application, Lorg/apache/log4j/net/SocketServer, <clinit>()V >	Unknown	Unknown
External	Netty	/home/chenzhi/Data/projects/jar/zookeeper-3.4.13/lib/netty-3.10.6.Final.jar	< Application, Lorg/jboss/netty/handler/ssl/util/SelfSignedCertificate, <clinit>()V >	naming by class literal	<Application,Lorg/jboss/netty/handler/ssl/util/SelfSignedCertificate>
External	Log4j	/home/chenzhi/Data/projects/jar/zookeeper-3.4.13/lib/log4j-1.2.17.jar	< Application, Lorg/apache/log4j/jmx/HierarchyDynamicMBean, <clinit>()V >	Unknown	Unknown
Internal	Log4j	/home/chenzhi/Data/projects/jar/zookeeper-3.4.13/zookeeper-3.4.13.jar	< Application, Lorg/apache/zookeeper/Shell, <init>(J)V >	naming by class literal	<Application,Lorg/apache/zookeeper/Shell>
External	Netty	/home/chenzhi/Data/projects/jar/zookeeper-3.4.13/lib/netty-3.10.6.Final.jar	< Application, Lorg/jboss/netty/channel/socket/nio/NioServerSocketChannel, <clinit>()V >	naming by class literal	<Application,Lorg/jboss/netty/channel/socket/nio/NioServerSocketChannel>
Internal	Slf4j	/home/chenzhi/Data/projects/jar/zookeeper-3.4.13/zookeeper-3.4.13.jar	< Application, Lorg/apache/zookeeper/ClientCnxnSocket, <clinit>()V >	naming by class literal	<Application,Lorg/apache/zookeeper/ClientCnxnSocket>
External	Unknown	/home/chenzhi/Data/projects/jar/zookeeper-3.4.13/lib/log4j-1.2.17.jar	< Application, Lorg/apache/log4j/xml/DOMConfigurator, parseErrorHandler(Lorg/w3c/dom/Element;Lorg/apache/log4j/Appender;)V >	Unknown	Unknown
External	Unknown	/home/chenzhi/Data/projects/jar/zookeeper-3.4.13/lib/log4j-1.2.17.jar	< Application, Lorg/apache/log4j/xml/DOMConfigurator, parseErrorHandler(Lorg/w3c/dom/Element;Lorg/apache/log4j/Appender;)V >	Unknown	Unknown
External	Unknown	/home/chenzhi/Data/projects/jar/zookeeper-3.4.13/lib/log4j-1.2.17.jar	< Application, Lorg/apache/log4j/xml/DOMConfigurator, parseCategory(Lorg/w3c/dom/Element;)V >	Unknown	Unknown
External	Unknown	/home/chenzhi/Data/projects/jar/zookeeper-3.4.13/lib/log4j-1.2.17.jar	< Application, Lorg/apache/log4j/xml/DOMConfigurator, parseCategory(Lorg/w3c/dom/Element;)V >	Unknown	Unknown
Internal	Slf4j	/home/chenzhi/Data/projects/jar/zookeeper-3.4.13/zookeeper-3.4.13.jar	< Application, Lorg/apache/zookeeper/server/quorum/QuorumPeerMain, <clinit>()V >	naming by class literal	<Application,Lorg/apache/zookeeper/server/quorum/QuorumPeerMain>
External	Log4j	/home/chenzhi/Data/projects/jar/zookeeper-3.4.13/lib/log4j-1.2.17.jar	< Application, Lorg/apache/log4j/chainsaw/DetailPanel, <clinit>()V >	Unknown	Unknown
External	JUL	/home/chenzhi/Data/projects/jar/zookeeper-3.4.13/lib/netty-3.10.6.Final.jar	< Application, Lorg/jboss/netty/logging/JdkLoggerFactory, newInstance(Ljava/lang/String;)Lorg/jboss/netty/logging/InternalLogger; >	Unknown	Unknown
Internal	Slf4j	/home/chenzhi/Data/projects/jar/zookeeper-3.4.13/zookeeper-3.4.13.jar	< Application, Lorg/apache/zookeeper/server/quorum/auth/SaslQuorumAuthServer, <clinit>()V >	naming by class literal	<Application,Lorg/apache/zookeeper/server/quorum/auth/SaslQuorumAuthServer>
External	Netty	/home/chenzhi/Data/projects/jar/zookeeper-3.4.13/lib/netty-3.10.6.Final.jar	< Application, Lorg/jboss/netty/handler/codec/http/HttpContentCompressor, <clinit>()V >	naming by class literal	<Application,Lorg/jboss/netty/handler/codec/http/HttpContentCompressor>
Internal	Slf4j	/home/chenzhi/Data/projects/jar/zookeeper-3.4.13/zookeeper-3.4.13.jar	< Application, Lorg/apache/zookeeper/server/ZKDatabase, <clinit>()V >	naming by class literal	<Application,Lorg/apache/zookeeper/server/ZKDatabase>
External	JUL	/home/chenzhi/Data/projects/jar/zookeeper-3.4.13/lib/netty-3.10.6.Final.jar	< Application, Lorg/jboss/netty/util/internal/SystemPropertyUtil, log(Ljava/lang/String;)V >	naming by class literal	<Application,Lorg/jboss/netty/util/internal/SystemPropertyUtil>
External	JUL	/home/chenzhi/Data/projects/jar/zookeeper-3.4.13/lib/netty-3.10.6.Final.jar	< Application, Lorg/jboss/netty/util/internal/SystemPropertyUtil, log(Ljava/lang/String;Ljava/lang/Exception;)V >	naming by class literal	<Application,Lorg/jboss/netty/util/internal/SystemPropertyUtil>
External	Netty	/home/chenzhi/Data/projects/jar/zookeeper-3.4.13/lib/netty-3.10.6.Final.jar	< Application, Lorg/jboss/netty/util/internal/SystemPropertyUtil, <clinit>()V >	naming by class literal	<Application,Lorg/jboss/netty/util/internal/SystemPropertyUtil>
Internal	Slf4j	/home/chenzhi/Data/projects/jar/zookeeper-3.4.13/zookeeper-3.4.13.jar	< Application, Lorg/apache/zookeeper/server/quorum/Vote, <clinit>()V >	naming by class literal	<Application,Lorg/apache/zookeeper/server/quorum/Vote>
External	Log4j	/home/chenzhi/Data/projects/jar/zookeeper-3.4.13/lib/log4j-1.2.17.jar	< Application, Lorg/apache/log4j/chainsaw/LoadXMLAction, <clinit>()V >	Unknown	Unknown
External	Netty	/home/chenzhi/Data/projects/jar/zookeeper-3.4.13/lib/netty-3.10.6.Final.jar	< Application, Lorg/jboss/netty/handler/codec/http/websocketx/WebSocket08FrameDecoder, <clinit>()V >	naming by class literal	<Application,Lorg/jboss/netty/handler/codec/http/websocketx/WebSocket08FrameDecoder>
External	Log4j	/home/chenzhi/Data/projects/jar/zookeeper-3.4.13/lib/log4j-1.2.17.jar	< Application, Lorg/apache/log4j/jmx/Agent, <clinit>()V >	Unknown	Unknown
Internal	Slf4j	/home/chenzhi/Data/projects/jar/zookeeper-3.4.13/zookeeper-3.4.13.jar	< Application, Lorg/apache/zookeeper/ZooKeeper, <clinit>()V >	naming by class literal	<Application,Lorg/apache/zookeeper/ZooKeeper>
External	Netty	/home/chenzhi/Data/projects/jar/zookeeper-3.4.13/lib/netty-3.10.6.Final.jar	< Application, Lorg/jboss/netty/util/HashedWheelTimer, <clinit>()V >	naming by class literal	<Application,Lorg/jboss/netty/util/HashedWheelTimer>
External	Log4j	/home/chenzhi/Data/projects/jar/zookeeper-3.4.13/lib/log4j-1.2.17.jar	< Application, Lorg/apache/log4j/jmx/AppenderDynamicMBean, <clinit>()V >	Unknown	Unknown
External	Log4j	/home/chenzhi/Data/projects/jar/zookeeper-3.4.13/lib/log4j-1.2.17.jar	< Application, Lorg/apache/log4j/varia/Roller, <clinit>()V >	Unknown	Unknown
External	Unknown	/home/chenzhi/Data/projects/jar/zookeeper-3.4.13/lib/log4j-1.2.17.jar	< Application, Lorg/apache/log4j/rewrite/ReflectionRewritePolicy, rewrite(Lorg/apache/log4j/spi/LoggingEvent;)Lorg/apache/log4j/spi/LoggingEvent; >	Unknown	Unknown
External	Unknown	/home/chenzhi/Data/projects/jar/zookeeper-3.4.13/lib/log4j-1.2.17.jar	< Application, Lorg/apache/log4j/rewrite/ReflectionRewritePolicy, rewrite(Lorg/apache/log4j/spi/LoggingEvent;)Lorg/apache/log4j/spi/LoggingEvent; >	Unknown	Unknown
External	Log4j	/home/chenzhi/Data/projects/jar/zookeeper-3.4.13/lib/log4j-1.2.17.jar	< Application, Lorg/apache/log4j/rewrite/ReflectionRewritePolicy, rewrite(Lorg/apache/log4j/spi/LoggingEvent;)Lorg/apache/log4j/spi/LoggingEvent; >	Unknown	Unknown
External	Netty	/home/chenzhi/Data/projects/jar/zookeeper-3.4.13/lib/netty-3.10.6.Final.jar	< Application, Lorg/jboss/netty/util/internal/NativeLibraryLoader, <clinit>()V >	naming by class literal	<Application,Lorg/jboss/netty/util/internal/NativeLibraryLoader>
External	Unknown	/usr/lib/jvm/java-8-openjdk-amd64/lib/tools.jar	< Application, Lcom/sun/tools/javac/main/Option$19, process(Lcom/sun/tools/javac/main/OptionHelper;Ljava/lang/String;)Z >	Unknown	Unknown
External	Netty	/home/chenzhi/Data/projects/jar/zookeeper-3.4.13/lib/netty-3.10.6.Final.jar	< Application, Lorg/jboss/netty/handler/ssl/SslHandler, <clinit>()V >	naming by class literal	<Application,Lorg/jboss/netty/handler/ssl/SslHandler>
Internal	Slf4j	/home/chenzhi/Data/projects/jar/zookeeper-3.4.13/zookeeper-3.4.13.jar	< Application, Lorg/apache/zookeeper/server/PrepRequestProcessor, <clinit>()V >	naming by class literal	<Application,Lorg/apache/zookeeper/server/PrepRequestProcessor>
External	Netty	/home/chenzhi/Data/projects/jar/zookeeper-3.4.13/lib/netty-3.10.6.Final.jar	< Application, Lorg/jboss/netty/handler/ssl/OpenSslServerContext, <clinit>()V >	naming by class literal	<Application,Lorg/jboss/netty/handler/ssl/OpenSslServerContext>
External	Netty	/home/chenzhi/Data/projects/jar/zookeeper-3.4.13/lib/netty-3.10.6.Final.jar	< Application, Lorg/jboss/netty/handler/ipfilter/IpSubnet, <clinit>()V >	naming by class literal	<Application,Lorg/jboss/netty/handler/ipfilter/IpSubnet>
External	Slf4j	/home/chenzhi/Data/projects/jar/zookeeper-3.4.13/lib/slf4j-api-1.7.25.jar	< Application, Lorg/slf4j/LoggerFactory, fixSubstituteLoggers()V >	Unknown	Unknown
External	Unknown	/home/chenzhi/Data/projects/jar/zookeeper-3.4.13/lib/slf4j-api-1.7.25.jar	< Application, Lorg/slf4j/LoggerFactory, emitReplayOrSubstituionWarning(Lorg/slf4j/event/SubstituteLoggingEvent;I)V >	Unknown	Unknown
External	Unknown	/home/chenzhi/Data/projects/jar/zookeeper-3.4.13/lib/slf4j-api-1.7.25.jar	< Application, Lorg/slf4j/LoggerFactory, emitReplayOrSubstituionWarning(Lorg/slf4j/event/SubstituteLoggingEvent;I)V >	Unknown	Unknown
External	Unknown	/home/chenzhi/Data/projects/jar/zookeeper-3.4.13/lib/slf4j-api-1.7.25.jar	< Application, Lorg/slf4j/LoggerFactory, replaySingleEvent(Lorg/slf4j/event/SubstituteLoggingEvent;)V >	Unknown	Unknown
External	Unknown	/home/chenzhi/Data/projects/jar/zookeeper-3.4.13/lib/slf4j-api-1.7.25.jar	< Application, Lorg/slf4j/LoggerFactory, getLogger(Ljava/lang/String;)Lorg/slf4j/Logger; >	Unknown	Unknown
External	Slf4j	/home/chenzhi/Data/projects/jar/zookeeper-3.4.13/lib/slf4j-api-1.7.25.jar	< Application, Lorg/slf4j/LoggerFactory, getLogger(Ljava/lang/Class;)Lorg/slf4j/Logger; >	Unknown	Unknown
Internal	Slf4j	/home/chenzhi/Data/projects/jar/zookeeper-3.4.13/zookeeper-3.4.13.jar	< Application, Lorg/apache/zookeeper/server/upgrade/DataTreeV1, <clinit>()V >	naming by class literal	<Application,Lorg/apache/zookeeper/server/upgrade/DataTreeV1>
Internal	Slf4j	/home/chenzhi/Data/projects/jar/zookeeper-3.4.13/zookeeper-3.4.13.jar	< Application, Lorg/apache/zookeeper/server/quorum/Learner, <clinit>()V >	naming by class literal	<Application,Lorg/apache/zookeeper/server/quorum/Learner>
Internal	Slf4j	/home/chenzhi/Data/projects/jar/zookeeper-3.4.13/zookeeper-3.4.13.jar	< Application, Lorg/apache/zookeeper/server/quorum/AuthFastLeaderElection, <clinit>()V >	naming by class literal	<Application,Lorg/apache/zookeeper/server/quorum/AuthFastLeaderElection>
External	Netty	/home/chenzhi/Data/projects/jar/zookeeper-3.4.13/lib/netty-3.10.6.Final.jar	< Application, Lorg/jboss/netty/handler/ipfilter/IpFilterRuleList, <clinit>()V >	naming by class literal	<Application,Lorg/jboss/netty/handler/ipfilter/IpFilterRuleList>
Internal	Slf4j	/home/chenzhi/Data/projects/jar/zookeeper-3.4.13/zookeeper-3.4.13.jar	< Application, Lorg/apache/zookeeper/server/ZooKeeperThread, <clinit>()V >	naming by class literal	<Application,Lorg/apache/zookeeper/server/ZooKeeperThread>
External	JUL	/usr/lib/jvm/java-8-openjdk-amd64/lib/tools.jar	< Application, Lcom/sun/tools/internal/xjc/addon/accessors/PluginImpl, run(Lcom/sun/tools/internal/xjc/outline/Outline;Lcom/sun/tools/internal/xjc/Options;Lorg/xml/sax/ErrorHandler;)Z >	naming by class literal	<Application,Lcom/sun/tools/internal/xjc/addon/accessors/PluginImpl>
External	JUL	/usr/lib/jvm/java-8-openjdk-amd64/lib/tools.jar	< Application, Lcom/sun/tools/internal/xjc/addon/accessors/PluginImpl, run(Lcom/sun/tools/internal/xjc/outline/Outline;Lcom/sun/tools/internal/xjc/Options;Lorg/xml/sax/ErrorHandler;)Z >	naming by class literal	<Application,Lcom/sun/tools/internal/xjc/addon/accessors/PluginImpl>
External	JUL	/usr/lib/jvm/java-8-openjdk-amd64/lib/tools.jar	< Application, Lcom/sun/tools/internal/xjc/addon/accessors/PluginImpl, run(Lcom/sun/tools/internal/xjc/outline/Outline;Lcom/sun/tools/internal/xjc/Options;Lorg/xml/sax/ErrorHandler;)Z >	naming by class literal	<Application,Lcom/sun/tools/internal/xjc/addon/accessors/PluginImpl>
External	JUL	/usr/lib/jvm/java-8-openjdk-amd64/lib/tools.jar	< Application, Lcom/sun/tools/internal/xjc/addon/accessors/PluginImpl, run(Lcom/sun/tools/internal/xjc/outline/Outline;Lcom/sun/tools/internal/xjc/Options;Lorg/xml/sax/ErrorHandler;)Z >	naming by class literal	<Application,Lcom/sun/tools/internal/xjc/addon/accessors/PluginImpl>
Internal	Slf4j	/home/chenzhi/Data/projects/jar/zookeeper-3.4.13/zookeeper-3.4.13.jar	< Application, Lorg/apache/zookeeper/server/quorum/flexible/QuorumHierarchical, <clinit>()V >	naming by class literal	<Application,Lorg/apache/zookeeper/server/quorum/flexible/QuorumHierarchical>
External	JUL	/usr/lib/jvm/java-8-openjdk-amd64/lib/tools.jar	< Application, Lcom/sun/xml/internal/rngom/xml/sax/JAXPXMLReaderCreator, <init>()V >	naming by class literal	<Application,Lcom/sun/xml/internal/rngom/xml/sax/JAXPXMLReaderCreator>
External	JUL	/usr/lib/jvm/java-8-openjdk-amd64/lib/tools.jar	< Application, Lcom/sun/xml/internal/rngom/xml/sax/JAXPXMLReaderCreator, <init>()V >	naming by class literal	<Application,Lcom/sun/xml/internal/rngom/xml/sax/JAXPXMLReaderCreator>
External	JUL	/usr/lib/jvm/java-8-openjdk-amd64/lib/tools.jar	< Application, Lcom/sun/xml/internal/rngom/xml/sax/JAXPXMLReaderCreator, <init>()V >	naming by class literal	<Application,Lcom/sun/xml/internal/rngom/xml/sax/JAXPXMLReaderCreator>
External	Netty	/home/chenzhi/Data/projects/jar/zookeeper-3.4.13/lib/netty-3.10.6.Final.jar	< Application, Lorg/jboss/netty/channel/DefaultChannelPipeline, <clinit>()V >	naming by class literal	<Application,Lorg/jboss/netty/channel/DefaultChannelPipeline>
External	Unknown	/usr/lib/jvm/java-8-openjdk-amd64/lib/tools.jar	< Application, Lcom/sun/tools/javac/main/Option$17, process(Lcom/sun/tools/javac/main/OptionHelper;Ljava/lang/String;)Z >	Unknown	Unknown
Internal	Slf4j	/home/chenzhi/Data/projects/jar/zookeeper-3.4.13/zookeeper-3.4.13.jar	< Application, Lorg/apache/zookeeper/server/upgrade/UpgradeSnapShotV1, <clinit>()V >	naming by class literal	<Application,Lorg/apache/zookeeper/server/upgrade/UpgradeSnapShotV1>
External	Unknown	/usr/lib/jvm/java-8-openjdk-amd64/lib/tools.jar	< Application, Lcom/sun/tools/internal/ws/processor/modeler/annotation/WebServiceAp, <clinit>()V >	naming by class literal	<Application,Lcom/sun/tools/internal/ws/processor/modeler/annotation/WebServiceAp>
External	Netty	/home/chenzhi/Data/projects/jar/zookeeper-3.4.13/lib/netty-3.10.6.Final.jar	< Application, Lorg/jboss/netty/logging/InternalLoggerFactory, getInstance(Ljava/lang/Class;)Lorg/jboss/netty/logging/InternalLogger; >	Unknown	Unknown
Internal	Slf4j	/home/chenzhi/Data/projects/jar/zookeeper-3.4.13/zookeeper-3.4.13.jar	< Application, Lorg/apache/zookeeper/CreateMode, <clinit>()V >	naming by class literal	<Application,Lorg/apache/zookeeper/CreateMode>
Internal	Slf4j	/home/chenzhi/Data/projects/jar/zookeeper-3.4.13/zookeeper-3.4.13.jar	< Application, Lorg/apache/zookeeper/server/quorum/FollowerZooKeeperServer, <clinit>()V >	naming by class literal	<Application,Lorg/apache/zookeeper/server/quorum/FollowerZooKeeperServer>
External	Netty	/home/chenzhi/Data/projects/jar/zookeeper-3.4.13/lib/netty-3.10.6.Final.jar	< Application, Lorg/jboss/netty/handler/stream/ChunkedWriteHandler, <clinit>()V >	naming by class literal	<Application,Lorg/jboss/netty/handler/stream/ChunkedWriteHandler>
External	Log4j	/home/chenzhi/Data/projects/jar/zookeeper-3.4.13/lib/log4j-1.2.17.jar	< Application, Lorg/apache/log4j/chainsaw/MyTableModel, <clinit>()V >	Unknown	Unknown
External	Unknown	/home/chenzhi/Data/projects/jar/zookeeper-3.4.13/lib/log4j-1.2.17.jar	< Application, Lorg/apache/log4j/net/SocketNode, run()V >	Unknown	Unknown
External	Log4j	/home/chenzhi/Data/projects/jar/zookeeper-3.4.13/lib/log4j-1.2.17.jar	< Application, Lorg/apache/log4j/net/SocketNode, <clinit>()V >	Unknown	Unknown
External	Unknown	/home/chenzhi/Data/projects/jar/zookeeper-3.4.13/lib/log4j-1.2.17.jar	< Application, Lorg/apache/log4j/Category, getInstance(Ljava/lang/String;)Lorg/apache/log4j/Category; >	Unknown	Unknown
External	Unknown	/home/chenzhi/Data/projects/jar/zookeeper-3.4.13/lib/log4j-1.2.17.jar	< Application, Lorg/apache/log4j/Category, getInstance(Ljava/lang/Class;)Lorg/apache/log4j/Category; >	Unknown	Unknown
External	JUL	/usr/lib/jvm/java-8-openjdk-amd64/lib/tools.jar	< Application, Lcom/sun/tools/internal/xjc/reader/internalizer/Internalizer, buildTargetNodeMap(Lorg/w3c/dom/Element;Lorg/w3c/dom/Node;Lcom/sun/tools/internal/xjc/reader/internalizer/SCDBasedBindingSet$Target;Ljava/util/Map;Lcom/sun/tools/internal/xjc/reader/internalizer/SCDBasedBindingSet;)V >	naming by class literal	<Application,Lcom/sun/tools/internal/xjc/reader/internalizer/Internalizer>
External	Unknown	/home/chenzhi/Data/projects/jar/zookeeper-3.4.13/lib/log4j-1.2.17.jar	< Application, Lorg/apache/log4j/jmx/AbstractDynamicMBean, postDeregister()V >	Unknown	Unknown
External	Unknown	/home/chenzhi/Data/projects/jar/zookeeper-3.4.13/lib/log4j-1.2.17.jar	< Application, Lorg/apache/log4j/jmx/AbstractDynamicMBean, preRegister(Ljavax/management/MBeanServer;Ljavax/management/ObjectName;)Ljavax/management/ObjectName; >	Unknown	Unknown
External	Unknown	/home/chenzhi/Data/projects/jar/zookeeper-3.4.13/lib/log4j-1.2.17.jar	< Application, Lorg/apache/log4j/jmx/AbstractDynamicMBean, preDeregister()V >	Unknown	Unknown
External	Unknown	/home/chenzhi/Data/projects/jar/zookeeper-3.4.13/lib/log4j-1.2.17.jar	< Application, Lorg/apache/log4j/jmx/AbstractDynamicMBean, preDeregister()V >	Unknown	Unknown
External	Unknown	/home/chenzhi/Data/projects/jar/zookeeper-3.4.13/lib/log4j-1.2.17.jar	< Application, Lorg/apache/log4j/jmx/AbstractDynamicMBean, preDeregister()V >	Unknown	Unknown
External	Unknown	/home/chenzhi/Data/projects/jar/zookeeper-3.4.13/lib/log4j-1.2.17.jar	< Application, Lorg/apache/log4j/Logger, getLogger(Ljava/lang/String;)Lorg/apache/log4j/Logger; >	Unknown	Unknown
External	Unknown	/home/chenzhi/Data/projects/jar/zookeeper-3.4.13/lib/log4j-1.2.17.jar	< Application, Lorg/apache/log4j/Logger, getLogger(Ljava/lang/Class;)Lorg/apache/log4j/Logger; >	Unknown	Unknown
External	Unknown	/home/chenzhi/Data/projects/jar/zookeeper-3.4.13/lib/log4j-1.2.17.jar	< Application, Lorg/apache/log4j/Logger, getLogger(Ljava/lang/String;Lorg/apache/log4j/spi/LoggerFactory;)Lorg/apache/log4j/Logger; >	Unknown	Unknown
Internal	Slf4j	/home/chenzhi/Data/projects/jar/zookeeper-3.4.13/zookeeper-3.4.13.jar	< Application, Lorg/apache/zookeeper/server/NIOServerCnxnFactory, <clinit>()V >	naming by class literal	<Application,Lorg/apache/zookeeper/server/NIOServerCnxnFactory>
Internal	Slf4j	/home/chenzhi/Data/projects/jar/zookeeper-3.4.13/zookeeper-3.4.13.jar	< Application, Lorg/apache/zookeeper/common/AtomicFileOutputStream, <clinit>()V >	naming by class literal	<Application,Lorg/apache/zookeeper/common/AtomicFileOutputStream>
External	Netty	/home/chenzhi/Data/projects/jar/zookeeper-3.4.13/lib/netty-3.10.6.Final.jar	< Application, Lorg/jboss/netty/handler/execution/MemoryAwareThreadPoolExecutor, <clinit>()V >	naming by class literal	<Application,Lorg/jboss/netty/handler/execution/MemoryAwareThreadPoolExecutor>
External	Slf4j	/home/chenzhi/Data/projects/jar/zookeeper-3.4.13/lib/netty-3.10.6.Final.jar	< Application, Lorg/jboss/netty/logging/Slf4JLoggerFactory, newInstance(Ljava/lang/String;)Lorg/jboss/netty/logging/InternalLogger; >	Unknown	Unknown
Internal	Slf4j	/home/chenzhi/Data/projects/jar/zookeeper-3.4.13/zookeeper-3.4.13.jar	< Application, Lorg/apache/zookeeper/ClientCnxnSocketNIO, <clinit>()V >	naming by class literal	<Application,Lorg/apache/zookeeper/ClientCnxnSocketNIO>
External	Netty	/home/chenzhi/Data/projects/jar/zookeeper-3.4.13/lib/netty-3.10.6.Final.jar	< Application, Lorg/jboss/netty/handler/logging/LoggingHandler, <init>(Lorg/jboss/netty/logging/InternalLogLevel;Z)V >	naming by class literal	<Application,Lorg/jboss/netty/handler/logging/LoggingHandler>
External	Netty	/home/chenzhi/Data/projects/jar/zookeeper-3.4.13/lib/netty-3.10.6.Final.jar	< Application, Lorg/jboss/netty/handler/logging/LoggingHandler, <init>(Ljava/lang/Class;Lorg/jboss/netty/logging/InternalLogLevel;Z)V >	Unknown	Unknown
External	Netty	/home/chenzhi/Data/projects/jar/zookeeper-3.4.13/lib/netty-3.10.6.Final.jar	< Application, Lorg/jboss/netty/handler/logging/LoggingHandler, <init>(Ljava/lang/String;Lorg/jboss/netty/logging/InternalLogLevel;Z)V >	Unknown	Unknown
External	Unknown	/home/chenzhi/Data/projects/jar/zookeeper-3.4.13/lib/netty-3.10.6.Final.jar	< Application, Lorg/jboss/netty/handler/logging/LoggingHandler, log(Lorg/jboss/netty/channel/ChannelEvent;)V >	Unknown	Unknown
External	Unknown	/home/chenzhi/Data/projects/jar/zookeeper-3.4.13/lib/netty-3.10.6.Final.jar	< Application, Lorg/jboss/netty/handler/logging/LoggingHandler, log(Lorg/jboss/netty/channel/ChannelEvent;)V >	Unknown	Unknown
External	Unknown	/home/chenzhi/Data/projects/jar/zookeeper-3.4.13/lib/netty-3.10.6.Final.jar	< Application, Lorg/jboss/netty/handler/logging/LoggingHandler, log(Lorg/jboss/netty/channel/ChannelEvent;)V >	Unknown	Unknown
Internal	Slf4j	/home/chenzhi/Data/projects/jar/zookeeper-3.4.13/zookeeper-3.4.13.jar	< Application, Lorg/apache/zookeeper/SaslClientCallbackHandler, <clinit>()V >	naming by class literal	<Application,Lorg/apache/zookeeper/SaslClientCallbackHandler>
Internal	Slf4j	/home/chenzhi/Data/projects/jar/zookeeper-3.4.13/zookeeper-3.4.13.jar	< Application, Lorg/apache/zookeeper/server/quorum/CommitProcessor, <clinit>()V >	naming by class literal	<Application,Lorg/apache/zookeeper/server/quorum/CommitProcessor>
